C51 COMPILER V9.00   1                                                                     05/15/2012 18:35:40 PAGE 1   


C51 COMPILER V9.00, COMPILATION OF MODULE 1
OBJECT MODULE PLACED IN 1.OBJ
COMPILER INVOKED BY: d:\Keil\C51\BIN\C51.EXE 1.c BROWSE DEBUG OBJECTEXTEND

line level    source

   1          #include<reg51.h> // 头文件
   2          #include<math.h>
   3          #define uchar unsigned char 
   4          #define uint unsigned int 
   5          sbit enA=P1^4;   // A相始能端
   6          sbit enB=P1^5;
   7          sbit inL1=P1^0;   //
   8          sbit inL2=P1^1;   // 输入端
   9          sbit inR1=P1^2;
  10          sbit inR2=P1^3;
  11          char zkb=-100;   // 设置占空比，范围在（-100~100）占空比的绝对值越大，速度越大
  12          uchar t1=0,t2=0; // 中断计数器
  13          uchar dianjiL=0; // 电机速度值
  14          uchar dianjiR=0; 
  15          uchar SPACHL; // 电机当前速度值  
  16          uchar SPACHR;
  17          uchar d[4];
  18          
  19          void timer0() interrupt 1 //T0中断服务程序 
  20          { 
  21   1              if(t1==0) //1个PWM周期完成后才会接受新数值 
  22   1                      { 
  23   2                              SPACHL=dianjiL; 
  24   2                      } 
  25   1              if(t1<SPACHL) enA=1; else if(t1>SPACHL)enA=0; //产生电机1的PWM信号 
  26   1              t1++; 
  27   1              if(t1>=100) t1=0; //1个PWM信号由100次中断产生  
  28   1              
  29   1              if(t2==0) //1个PWM周期完成后才会接受新数值 
  30   1                      { 
  31   2                              SPACHR=dianjiR; 
  32   2                      } 
  33   1              if(t2<SPACHR) enB=1; else if(t2>SPACHR)enB=0; //产生电机1的PWM信号 
  34   1              t2++; 
  35   1              if(t2>=100) t2=0; //1个PWM信号由100次中断产生   
  36   1      }
  37          
  38          void motor(char speedL,speedR) 
  39          { 
  40   1              if(speedL<=100)
  41   1              { 
  42   2                      dianjiL=abs(speedL);//  取speed的绝对值
  43   2                      if(speedL>0) //  不为负数则正转  
  44   2                      { 
  45   3                              inL1=0; 
  46   3                              inL2=1; 
  47   3                      } 
  48   2              if(speedL<0)    //  否者反转
  49   2              {
  50   3                      inL1=1;
  51   3                      inL2=0;
  52   3                      }
  53   2              } 
  54   1              if(speedR<=100)
  55   1              { 
C51 COMPILER V9.00   1                                                                     05/15/2012 18:35:40 PAGE 2   

  56   2                      dianjiR=abs(speedR);//  取speed的绝对值
  57   2                      if(speedR>0) //  不为负数则正转  
  58   2                      { 
  59   3                              inR1=0; 
  60   3                              inR2=1; 
  61   3                      } 
  62   2              if(speedR<0)    //  否者反转
  63   2              {
  64   3                      inR1=1;
  65   3                      inR2=0;
  66   3                      }
  67   2              }       
  68   1      }
  69          
  70          
  71          void delay(unsigned char t)//延时示程序
  72          {
  73   1              unsigned char j,k;
  74   1              for(t=15;t>0;t--)
  75   1              for(j=202;j>0;j--)
  76   1              for(k=81;k>0;k--);
  77   1      }
  78          
  79          void Com_Int(void) interrupt 4//串口接收终端
  80          {
  81   1              static uchar i =0 ;    //定义为静态变量，当重新进入这个子函数时 i 的值不会发生改变
  82   1              EA = 0;
  83   1              if(RI == 1)
  84   1              {
  85   2                      RI = 0;
  86   2                      if(SBUF==0xFF)
  87   2                      {
  88   3                              i=3;
  89   3                      }
  90   2                      else if(i>0)  //当硬件接收到一个数据时，RI会置位
  91   2                      {
  92   3                              i--;
  93   3                              d[i] = SBUF; 
  94   3                              //P0=d[i]; 
  95   3                              //delay(10);
  96   3                      }
  97   2                      //P0 = SBUF;
  98   2                      //delay(10);
  99   2              }
 100   1              EA = 1;
 101   1      }
 102          
 103          void Com_Init(void)
 104          {
 105   1           TMOD = 0x20;
 106   1           PCON = 0x00;
 107   1           SCON = 0x50;                       
 108   1           TH1 = 0xFd;    //设置波特率 9600
 109   1           TL1 = 0xFd;
 110   1           TR1 = 1;           //启动定时器1
 111   1               ES = 1;                //开串口中断
 112   1               EA = 1;                //开总中断              
 113   1      }
 114          
 115          void main() 
 116          {  
 117   1              TMOD=0x02; //设定T0的工作模式为工作方式2  
C51 COMPILER V9.00   1                                                                     05/15/2012 18:35:40 PAGE 3   

 118   1              TH0=0x9B; //装入定时器的初值
 119   1              TL0=0x9B; 
 120   1              EA=1; //开中断  
 121   1              ET0=1; // 定时器0允许中断  
 122   1              TR0=1;  //启动定时器0  
 123   1              Com_Init();
 124   1              while(1) 
 125   1      { 
 126   2                      if (d[1]>=50)
 127   2                      {
 128   3                      motor (20,20);
 129   3                      delay (300);
 130   3                      //P0=0x80;
 131   3                      }
 132   2                      else if (d[0]>=50)
 133   2                      {       
 134   3                              motor(15,40);
 135   3                              delay (5000);
 136   3                      //      P0=0x40;
 137   3                      }
 138   2                      else if(d[2]>=50)
 139   2                              {
 140   3                              motor (40,15);
 141   3                              delay(5000);
 142   3                      //      P0=0x20;
 143   3                              }
 144   2                      else{ motor(-20,20);
 145   3                              delay (5000); 
 146   3                      //      P0=0x10; 
 147   3                              }
 148   2              } 
 149   1      }


MODULE INFORMATION:   STATIC OVERLAYABLE
   CODE SIZE        =    374    ----
   CONSTANT SIZE    =   ----    ----
   XDATA SIZE       =   ----    ----
   PDATA SIZE       =   ----    ----
   DATA SIZE        =     12       3
   IDATA SIZE       =   ----    ----
   BIT SIZE         =   ----    ----
END OF MODULE INFORMATION.


C51 COMPILATION COMPLETE.  0 WARNING(S),  0 ERROR(S)
